TN:
SF:middleware/auth.js
FN:5,(anonymous_0)
FN:68,(anonymous_1)
FN:69,(anonymous_2)
FN:96,(anonymous_3)
FN:120,(anonymous_4)
FN:121,(anonymous_5)
FNF:6
FNH:3
FNDA:7,(anonymous_0)
FNDA:9,(anonymous_1)
FNDA:8,(anonymous_2)
FNDA:0,(anonymous_3)
FNDA:0,(anonymous_4)
FNDA:0,(anonymous_5)
DA:1,1
DA:2,1
DA:5,1
DA:6,7
DA:8,7
DA:10,7
DA:11,2
DA:18,5
DA:21,5
DA:24,3
DA:26,3
DA:27,1
DA:34,2
DA:35,1
DA:42,1
DA:43,1
DA:45,2
DA:46,1
DA:52,1
DA:53,1
DA:59,0
DA:60,0
DA:68,1
DA:69,9
DA:70,8
DA:71,1
DA:77,7
DA:78,2
DA:84,5
DA:89,1
DA:90,1
DA:91,1
DA:92,1
DA:93,1
DA:96,1
DA:97,0
DA:98,0
DA:100,0
DA:101,0
DA:104,0
DA:105,0
DA:106,0
DA:108,0
DA:109,0
DA:112,0
DA:115,0
DA:120,1
DA:121,0
DA:122,0
DA:123,0
DA:124,0
DA:130,0
DA:131,0
DA:133,0
DA:134,0
DA:141,0
DA:142,0
DA:143,0
DA:147,0
DA:148,0
DA:154,0
DA:155,0
DA:157,0
DA:158,0
DA:166,1
LF:65
LH:35
BRDA:10,0,0,2
BRDA:10,0,1,5
BRDA:10,1,0,7
BRDA:10,1,1,6
BRDA:26,2,0,1
BRDA:26,2,1,2
BRDA:34,3,0,1
BRDA:34,3,1,1
BRDA:45,4,0,1
BRDA:45,4,1,1
BRDA:52,5,0,1
BRDA:52,5,1,0
BRDA:70,6,0,1
BRDA:70,6,1,7
BRDA:77,7,0,2
BRDA:77,7,1,5
BRDA:100,8,0,0
BRDA:100,8,1,0
BRDA:100,9,0,0
BRDA:100,9,1,0
BRDA:108,10,0,0
BRDA:108,10,1,0
BRDA:108,11,0,0
BRDA:108,11,1,0
BRDA:123,12,0,0
BRDA:123,12,1,0
BRDA:133,13,0,0
BRDA:133,13,1,0
BRDA:141,14,0,0
BRDA:141,14,1,0
BRDA:147,15,0,0
BRDA:147,15,1,0
BRDA:147,16,0,0
BRDA:147,16,1,0
BRF:34
BRH:15
end_of_record
TN:
SF:middleware/errorHandler.js
FN:1,(anonymous_0)
FN:29,(anonymous_1)
FNF:2
FNH:0
FNDA:0,(anonymous_0)
FNDA:0,(anonymous_1)
DA:1,0
DA:2,0
DA:3,0
DA:6,0
DA:15,0
DA:16,0
DA:17,0
DA:21,0
DA:22,0
DA:23,0
DA:24,0
DA:28,0
DA:29,0
DA:30,0
DA:34,0
DA:35,0
DA:36,0
DA:39,0
DA:40,0
DA:41,0
DA:45,0
DA:46,0
DA:47,0
DA:50,0
DA:51,0
DA:52,0
DA:56,0
DA:57,0
DA:58,0
DA:62,0
DA:63,0
DA:65,0
DA:72,0
LF:33
LH:0
BRDA:11,0,0,0
BRDA:11,0,1,0
BRDA:15,1,0,0
BRDA:15,1,1,0
BRDA:21,2,0,0
BRDA:21,2,1,0
BRDA:28,3,0,0
BRDA:28,3,1,0
BRDA:34,4,0,0
BRDA:34,4,1,0
BRDA:39,5,0,0
BRDA:39,5,1,0
BRDA:45,6,0,0
BRDA:45,6,1,0
BRDA:50,7,0,0
BRDA:50,7,1,0
BRDA:56,8,0,0
BRDA:56,8,1,0
BRDA:62,9,0,0
BRDA:62,9,1,0
BRDA:62,9,2,0
BRDA:63,10,0,0
BRDA:63,10,1,0
BRDA:68,11,0,0
BRDA:68,11,1,0
BRF:25
BRH:0
end_of_record
TN:
SF:middleware/upload.js
FN:13,(anonymous_0)
FN:38,(anonymous_1)
FN:47,(anonymous_2)
FN:67,(anonymous_3)
FNF:4
FNH:0
FNDA:0,(anonymous_0)
FNDA:0,(anonymous_1)
FNDA:0,(anonymous_2)
FNDA:0,(anonymous_3)
DA:1,0
DA:2,0
DA:3,0
DA:6,0
DA:7,0
DA:8,0
DA:12,0
DA:15,0
DA:17,0
DA:18,0
DA:19,0
DA:20,0
DA:21,0
DA:22,0
DA:23,0
DA:24,0
DA:25,0
DA:26,0
DA:28,0
DA:32,0
DA:33,0
DA:36,0
DA:40,0
DA:41,0
DA:42,0
DA:47,0
DA:49,0
DA:50,0
DA:52,0
DA:57,0
DA:67,0
DA:68,0
DA:69,0
DA:70,0
DA:75,0
DA:76,0
DA:81,0
DA:82,0
DA:89,0
DA:90,0
DA:96,0
DA:99,0
LF:42
LH:0
BRDA:7,0,0,0
BRDA:7,0,1,0
BRDA:17,1,0,0
BRDA:17,1,1,0
BRDA:19,2,0,0
BRDA:19,2,1,0
BRDA:21,3,0,0
BRDA:21,3,1,0
BRDA:21,4,0,0
BRDA:21,4,1,0
BRDA:23,5,0,0
BRDA:23,5,1,0
BRDA:25,6,0,0
BRDA:25,6,1,0
BRDA:32,7,0,0
BRDA:32,7,1,0
BRDA:49,8,0,0
BRDA:49,8,1,0
BRDA:68,9,0,0
BRDA:68,9,1,0
BRDA:69,10,0,0
BRDA:69,10,1,0
BRDA:75,11,0,0
BRDA:75,11,1,0
BRDA:81,12,0,0
BRDA:81,12,1,0
BRDA:89,13,0,0
BRDA:89,13,1,0
BRF:28
BRH:0
end_of_record
TN:
SF:models/Cart.js
FN:122,(anonymous_0)
FN:124,(anonymous_1)
FN:127,(anonymous_2)
FN:138,(anonymous_3)
FN:140,(anonymous_4)
FN:170,(anonymous_5)
FN:171,(anonymous_6)
FN:176,(anonymous_7)
FN:186,(anonymous_8)
FN:193,(anonymous_9)
FN:195,(anonymous_10)
FN:209,(anonymous_11)
FN:210,(anonymous_12)
FN:215,(anonymous_13)
FN:219,(anonymous_14)
FN:231,(anonymous_15)
FN:232,(anonymous_16)
FN:250,(anonymous_17)
FN:272,(anonymous_18)
FN:277,(anonymous_19)
FNF:20
FNH:0
FNDA:0,(anonymous_0)
FNDA:0,(anonymous_1)
FNDA:0,(anonymous_2)
FNDA:0,(anonymous_3)
FNDA:0,(anonymous_4)
FNDA:0,(anonymous_5)
FNDA:0,(anonymous_6)
FNDA:0,(anonymous_7)
FNDA:0,(anonymous_8)
FNDA:0,(anonymous_9)
FNDA:0,(anonymous_10)
FNDA:0,(anonymous_11)
FNDA:0,(anonymous_12)
FNDA:0,(anonymous_13)
FNDA:0,(anonymous_14)
FNDA:0,(anonymous_15)
FNDA:0,(anonymous_16)
FNDA:0,(anonymous_17)
FNDA:0,(anonymous_18)
FNDA:0,(anonymous_19)
DA:1,0
DA:3,0
DA:50,0
DA:115,0
DA:116,0
DA:117,0
DA:118,0
DA:119,0
DA:122,0
DA:124,0
DA:127,0
DA:128,0
DA:132,0
DA:134,0
DA:138,0
DA:140,0
DA:141,0
DA:146,0
DA:148,0
DA:149,0
DA:150,0
DA:153,0
DA:166,0
DA:170,0
DA:171,0
DA:172,0
DA:176,0
DA:177,0
DA:178,0
DA:179,0
DA:180,0
DA:182,0
DA:186,0
DA:187,0
DA:188,0
DA:189,0
DA:193,0
DA:195,0
DA:198,0
DA:205,0
DA:209,0
DA:210,0
DA:211,0
DA:215,0
DA:216,0
DA:219,0
DA:220,0
DA:221,0
DA:223,0
DA:227,0
DA:231,0
DA:232,0
DA:233,0
DA:234,0
DA:236,0
DA:240,0
DA:250,0
DA:251,0
DA:253,0
DA:254,0
DA:255,0
DA:256,0
DA:257,0
DA:258,0
DA:260,0
DA:263,0
DA:264,0
DA:268,0
DA:272,0
DA:273,0
DA:277,0
DA:278,0
DA:280,0
DA:281,0
DA:282,0
DA:285,0
DA:288,0
LF:77
LH:0
BRDA:138,0,0,0
BRDA:138,1,0,0
BRDA:141,2,0,0
BRDA:141,2,1,0
BRDA:141,2,2,0
BRDA:146,3,0,0
BRDA:146,3,1,0
BRDA:178,4,0,0
BRDA:178,4,1,0
BRDA:220,5,0,0
BRDA:220,5,1,0
BRDA:233,6,0,0
BRDA:233,6,1,0
BRDA:256,7,0,0
BRDA:256,7,1,0
BRDA:257,8,0,0
BRDA:257,8,1,0
BRDA:280,9,0,0
BRDA:280,9,1,0
BRF:19
BRH:0
end_of_record
TN:
SF:models/Follow.js
FN:51,(anonymous_0)
FN:78,(anonymous_1)
FN:94,(anonymous_2)
FN:100,(anonymous_3)
FN:106,(anonymous_4)
FN:111,(anonymous_5)
FN:120,(anonymous_6)
FN:129,(anonymous_7)
FN:134,(anonymous_8)
FN:139,(anonymous_9)
FN:181,(anonymous_10)
FN:198,(anonymous_11)
FN:255,(anonymous_12)
FNF:13
FNH:0
FNDA:0,(anonymous_0)
FNDA:0,(anonymous_1)
FNDA:0,(anonymous_2)
FNDA:0,(anonymous_3)
FNDA:0,(anonymous_4)
FNDA:0,(anonymous_5)
FNDA:0,(anonymous_6)
FNDA:0,(anonymous_7)
FNDA:0,(anonymous_8)
FNDA:0,(anonymous_9)
FNDA:0,(anonymous_10)
FNDA:0,(anonymous_11)
FNDA:0,(anonymous_12)
DA:1,0
DA:3,0
DA:44,0
DA:45,0
DA:46,0
DA:47,0
DA:48,0
DA:51,0
DA:52,0
DA:53,0
DA:54,0
DA:56,0
DA:58,0
DA:63,0
DA:68,0
DA:70,0
DA:73,0
DA:78,0
DA:79,0
DA:80,0
DA:83,0
DA:87,0
DA:89,0
DA:94,0
DA:95,0
DA:96,0
DA:100,0
DA:101,0
DA:102,0
DA:106,0
DA:107,0
DA:111,0
DA:112,0
DA:120,0
DA:121,0
DA:129,0
DA:130,0
DA:134,0
DA:135,0
DA:139,0
DA:140,0
DA:181,0
DA:182,0
DA:184,0
DA:185,0
DA:186,0
DA:187,0
DA:188,0
DA:189,0
DA:192,0
DA:198,0
DA:199,0
DA:255,0
DA:256,0
DA:258,0
DA:282,0
LF:56
LH:0
BRDA:52,0,0,0
BRDA:52,0,1,0
BRDA:52,1,0,0
BRDA:52,1,1,0
BRDA:56,2,0,0
BRDA:56,2,1,0
BRDA:111,3,0,0
BRDA:114,4,0,0
BRDA:114,4,1,0
BRDA:115,5,0,0
BRDA:115,5,1,0
BRDA:116,6,0,0
BRDA:116,6,1,0
BRDA:120,7,0,0
BRDA:123,8,0,0
BRDA:123,8,1,0
BRDA:124,9,0,0
BRDA:124,9,1,0
BRDA:125,10,0,0
BRDA:125,10,1,0
BRDA:184,11,0,0
BRDA:184,11,1,0
BRDA:186,12,0,0
BRDA:186,12,1,0
BRDA:188,13,0,0
BRDA:188,13,1,0
BRDA:198,14,0,0
BRDA:255,15,0,0
BRF:28
BRH:0
end_of_record
TN:
SF:models/Order.js
FN:255,(anonymous_0)
FN:269,(anonymous_1)
FN:283,(anonymous_2)
FN:292,(anonymous_3)
FN:298,(anonymous_4)
FN:302,(anonymous_5)
FN:323,(anonymous_6)
FN:336,(anonymous_7)
FN:347,(anonymous_8)
FN:360,(anonymous_9)
FN:361,(anonymous_10)
FN:370,(anonymous_11)
FN:385,(anonymous_12)
FN:396,(anonymous_13)
FN:412,(anonymous_14)
FN:428,(anonymous_15)
FNF:16
FNH:0
FNDA:0,(anonymous_0)
FNDA:0,(anonymous_1)
FNDA:0,(anonymous_2)
FNDA:0,(anonymous_3)
FNDA:0,(anonymous_4)
FNDA:0,(anonymous_5)
FNDA:0,(anonymous_6)
FNDA:0,(anonymous_7)
FNDA:0,(anonymous_8)
FNDA:0,(anonymous_9)
FNDA:0,(anonymous_10)
FNDA:0,(anonymous_11)
FNDA:0,(anonymous_12)
FNDA:0,(anonymous_13)
FNDA:0,(anonymous_14)
FNDA:0,(anonymous_15)
DA:1,0
DA:3,0
DA:64,0
DA:244,0
DA:245,0
DA:246,0
DA:247,0
DA:248,0
DA:249,0
DA:250,0
DA:251,0
DA:252,0
DA:255,0
DA:256,0
DA:258,0
DA:259,0
DA:262,0
DA:263,0
DA:265,0
DA:269,0
DA:270,0
DA:273,0
DA:282,0
DA:283,0
DA:284,0
DA:288,0
DA:292,0
DA:293,0
DA:294,0
DA:295,0
DA:298,0
DA:299,0
DA:301,0
DA:302,0
DA:303,0
DA:305,0
DA:306,0
DA:311,0
DA:319,0
DA:323,0
DA:324,0
DA:325,0
DA:326,0
DA:327,0
DA:328,0
DA:329,0
DA:332,0
DA:336,0
DA:337,0
DA:338,0
DA:339,0
DA:340,0
DA:343,0
DA:347,0
DA:348,0
DA:349,0
DA:350,0
DA:351,0
DA:352,0
DA:353,0
DA:356,0
DA:360,0
DA:361,0
DA:364,0
DA:367,0
DA:370,0
DA:371,0
DA:372,0
DA:374,0
DA:379,0
DA:381,0
DA:385,0
DA:386,0
DA:389,0
DA:390,0
DA:392,0
DA:396,0
DA:397,0
DA:399,0
DA:400,0
DA:403,0
DA:412,0
DA:413,0
DA:415,0
DA:416,0
DA:419,0
DA:428,0
DA:429,0
DA:431,0
DA:462,0
LF:90
LH:0
BRDA:256,0,0,0
BRDA:256,0,1,0
BRDA:269,1,0,0
BRDA:269,2,0,0
BRDA:282,3,0,0
BRDA:282,3,1,0
BRDA:292,4,0,0
BRDA:294,5,0,0
BRDA:294,5,1,0
BRDA:301,6,0,0
BRDA:301,6,1,0
BRDA:305,7,0,0
BRDA:305,7,1,0
BRDA:325,8,0,0
BRDA:325,8,1,0
BRDA:338,9,0,0
BRDA:338,9,1,0
BRDA:349,10,0,0
BRDA:349,10,1,0
BRDA:367,11,0,0
BRDA:367,11,1,0
BRDA:371,12,0,0
BRDA:371,12,1,0
BRDA:396,13,0,0
BRDA:399,14,0,0
BRDA:399,14,1,0
BRDA:406,15,0,0
BRDA:406,15,1,0
BRDA:407,16,0,0
BRDA:407,16,1,0
BRDA:408,17,0,0
BRDA:408,17,1,0
BRDA:412,18,0,0
BRDA:415,19,0,0
BRDA:415,19,1,0
BRDA:422,20,0,0
BRDA:422,20,1,0
BRDA:423,21,0,0
BRDA:423,21,1,0
BRDA:424,22,0,0
BRDA:424,22,1,0
BRDA:428,23,0,0
BRDA:429,24,0,0
BRDA:429,24,1,0
BRF:44
BRH:0
end_of_record
TN:
SF:models/Product.js
FN:133,(anonymous_0)
FN:141,(anonymous_1)
FN:310,(anonymous_2)
FN:336,(anonymous_3)
FN:347,(anonymous_4)
FN:358,(anonymous_5)
FN:360,(anonymous_6)
FN:366,(anonymous_7)
FN:369,(anonymous_8)
FN:377,(anonymous_9)
FN:391,(anonymous_10)
FN:397,(anonymous_11)
FN:403,(anonymous_12)
FN:418,(anonymous_13)
FN:426,(anonymous_14)
FN:427,(anonymous_15)
FN:428,(anonymous_16)
FN:429,(anonymous_17)
FN:430,(anonymous_18)
FN:439,(anonymous_19)
FN:466,(anonymous_20)
FN:493,(anonymous_21)
FN:505,(anonymous_22)
FN:516,(anonymous_23)
FNF:24
FNH:0
FNDA:0,(anonymous_0)
FNDA:0,(anonymous_1)
FNDA:0,(anonymous_2)
FNDA:0,(anonymous_3)
FNDA:0,(anonymous_4)
FNDA:0,(anonymous_5)
FNDA:0,(anonymous_6)
FNDA:0,(anonymous_7)
FNDA:0,(anonymous_8)
FNDA:0,(anonymous_9)
FNDA:0,(anonymous_10)
FNDA:0,(anonymous_11)
FNDA:0,(anonymous_12)
FNDA:0,(anonymous_13)
FNDA:0,(anonymous_14)
FNDA:0,(anonymous_15)
FNDA:0,(anonymous_16)
FNDA:0,(anonymous_17)
FNDA:0,(anonymous_18)
FNDA:0,(anonymous_19)
FNDA:0,(anonymous_20)
FNDA:0,(anonymous_21)
FNDA:0,(anonymous_22)
FNDA:0,(anonymous_23)
DA:1,0
DA:3,0
DA:36,0
DA:134,0
DA:142,0
DA:275,0
DA:276,0
DA:277,0
DA:278,0
DA:279,0
DA:280,0
DA:281,0
DA:282,0
DA:283,0
DA:284,0
DA:285,0
DA:286,0
DA:287,0
DA:288,0
DA:289,0
DA:290,0
DA:293,0
DA:310,0
DA:312,0
DA:313,0
DA:320,0
DA:321,0
DA:325,0
DA:326,0
DA:330,0
DA:332,0
DA:336,0
DA:337,0
DA:340,0
DA:341,0
DA:343,0
DA:347,0
DA:348,0
DA:349,0
DA:350,0
DA:351,0
DA:354,0
DA:358,0
DA:359,0
DA:360,0
DA:362,0
DA:366,0
DA:367,0
DA:369,0
DA:370,0
DA:377,0
DA:378,0
DA:379,0
DA:380,0
DA:381,0
DA:382,0
DA:383,0
DA:385,0
DA:387,0
DA:391,0
DA:392,0
DA:393,0
DA:397,0
DA:398,0
DA:399,0
DA:403,0
DA:404,0
DA:406,0
DA:419,0
DA:420,0
DA:421,0
DA:422,0
DA:425,0
DA:426,0
DA:427,0
DA:428,0
DA:429,0
DA:430,0
DA:434,0
DA:439,0
DA:440,0
DA:442,0
DA:443,0
DA:446,0
DA:447,0
DA:450,0
DA:451,0
DA:454,0
DA:455,0
DA:458,0
DA:466,0
DA:467,0
DA:473,0
DA:474,0
DA:477,0
DA:478,0
DA:481,0
DA:482,0
DA:485,0
DA:493,0
DA:494,0
DA:505,0
DA:506,0
DA:516,0
DA:517,0
DA:525,0
DA:526,0
DA:529,0
DA:534,0
LF:109
LH:0
BRDA:142,0,0,0
BRDA:142,0,1,0
BRDA:142,1,0,0
BRDA:142,1,1,0
BRDA:312,2,0,0
BRDA:312,2,1,0
BRDA:320,3,0,0
BRDA:320,3,1,0
BRDA:320,4,0,0
BRDA:320,4,1,0
BRDA:320,4,2,0
BRDA:325,5,0,0
BRDA:325,5,1,0
BRDA:325,6,0,0
BRDA:325,6,1,0
BRDA:330,7,0,0
BRDA:330,7,1,0
BRDA:347,8,0,0
BRDA:348,9,0,0
BRDA:348,9,1,0
BRDA:350,10,0,0
BRDA:350,10,1,0
BRDA:359,11,0,0
BRDA:359,11,1,0
BRDA:360,12,0,0
BRDA:360,12,1,0
BRDA:367,13,0,0
BRDA:367,13,1,0
BRDA:370,14,0,0
BRDA:370,14,1,0
BRDA:370,14,2,0
BRDA:377,15,0,0
BRDA:379,16,0,0
BRDA:379,16,1,0
BRDA:380,17,0,0
BRDA:380,17,1,0
BRDA:382,18,0,0
BRDA:382,18,1,0
BRDA:397,19,0,0
BRDA:403,20,0,0
BRDA:419,21,0,0
BRDA:419,21,1,0
BRDA:439,22,0,0
BRDA:442,23,0,0
BRDA:442,23,1,0
BRDA:446,24,0,0
BRDA:446,24,1,0
BRDA:450,25,0,0
BRDA:450,25,1,0
BRDA:454,26,0,0
BRDA:454,26,1,0
BRDA:460,27,0,0
BRDA:460,27,1,0
BRDA:461,28,0,0
BRDA:461,28,1,0
BRDA:462,29,0,0
BRDA:462,29,1,0
BRDA:466,30,0,0
BRDA:473,31,0,0
BRDA:473,31,1,0
BRDA:477,32,0,0
BRDA:477,32,1,0
BRDA:481,33,0,0
BRDA:481,33,1,0
BRDA:488,34,0,0
BRDA:488,34,1,0
BRDA:489,35,0,0
BRDA:489,35,1,0
BRDA:493,36,0,0
BRDA:505,37,0,0
BRDA:516,38,0,0
BRDA:525,39,0,0
BRDA:525,39,1,0
BRF:73
BRH:0
end_of_record
TN:
SF:models/Review.js
FN:85,(anonymous_0)
FN:126,(anonymous_1)
FN:148,(anonymous_2)
FN:171,(anonymous_3)
FN:194,(anonymous_4)
FN:196,(anonymous_5)
FN:208,(anonymous_6)
FN:214,(anonymous_7)
FN:226,(anonymous_8)
FN:245,(anonymous_9)
FN:261,(anonymous_10)
FN:291,(anonymous_11)
FNF:12
FNH:0
FNDA:0,(anonymous_0)
FNDA:0,(anonymous_1)
FNDA:0,(anonymous_2)
FNDA:0,(anonymous_3)
FNDA:0,(anonymous_4)
FNDA:0,(anonymous_5)
FNDA:0,(anonymous_6)
FNDA:0,(anonymous_7)
FNDA:0,(anonymous_8)
FNDA:0,(anonymous_9)
FNDA:0,(anonymous_10)
FNDA:0,(anonymous_11)
DA:1,0
DA:3,0
DA:86,0
DA:112,0
DA:113,0
DA:114,0
DA:115,0
DA:116,0
DA:117,0
DA:118,0
DA:119,0
DA:120,0
DA:123,0
DA:126,0
DA:127,0
DA:128,0
DA:129,0
DA:130,0
DA:133,0
DA:136,0
DA:138,0
DA:140,0
DA:143,0
DA:148,0
DA:149,0
DA:151,0
DA:162,0
DA:163,0
DA:171,0
DA:172,0
DA:174,0
DA:185,0
DA:186,0
DA:194,0
DA:196,0
DA:197,0
DA:201,0
DA:208,0
DA:210,0
DA:214,0
DA:215,0
DA:218,0
DA:219,0
DA:220,0
DA:222,0
DA:226,0
DA:227,0
DA:229,0
DA:230,0
DA:233,0
DA:234,0
DA:237,0
DA:245,0
DA:246,0
DA:248,0
DA:249,0
DA:252,0
DA:261,0
DA:262,0
DA:291,0
DA:292,0
DA:293,0
DA:295,0
DA:299,0
DA:300,0
DA:302,0
LF:66
LH:0
BRDA:127,0,0,0
BRDA:127,0,1,0
BRDA:127,1,0,0
BRDA:127,1,1,0
BRDA:127,1,2,0
BRDA:162,2,0,0
BRDA:162,2,1,0
BRDA:185,3,0,0
BRDA:185,3,1,0
BRDA:226,4,0,0
BRDA:229,5,0,0
BRDA:229,5,1,0
BRDA:233,6,0,0
BRDA:233,6,1,0
BRDA:239,7,0,0
BRDA:239,7,1,0
BRDA:240,8,0,0
BRDA:240,8,1,0
BRDA:241,9,0,0
BRDA:241,9,1,0
BRDA:245,10,0,0
BRDA:248,11,0,0
BRDA:248,11,1,0
BRDA:255,12,0,0
BRDA:255,12,1,0
BRDA:256,13,0,0
BRDA:256,13,1,0
BRDA:257,14,0,0
BRDA:257,14,1,0
BRDA:292,15,0,0
BRDA:292,15,1,0
BRF:31
BRH:0
end_of_record
TN:
SF:models/Shop.js
FN:208,(anonymous_0)
FN:219,(anonymous_1)
FN:231,(anonymous_2)
FN:247,(anonymous_3)
FN:255,(anonymous_4)
FNF:5
FNH:0
FNDA:0,(anonymous_0)
FNDA:0,(anonymous_1)
FNDA:0,(anonymous_2)
FNDA:0,(anonymous_3)
FNDA:0,(anonymous_4)
DA:1,0
DA:3,0
DA:197,0
DA:198,0
DA:199,0
DA:200,0
DA:201,0
DA:202,0
DA:203,0
DA:204,0
DA:205,0
DA:208,0
DA:209,0
DA:212,0
DA:213,0
DA:215,0
DA:219,0
DA:220,0
DA:221,0
DA:222,0
DA:224,0
DA:225,0
DA:227,0
DA:231,0
DA:232,0
DA:247,0
DA:248,0
DA:255,0
DA:256,0
DA:260,0
DA:261,0
DA:263,0
LF:32
LH:0
BRDA:225,0,0,0
BRDA:225,0,1,0
BRDA:225,1,0,0
BRDA:225,1,1,0
BRDA:227,2,0,0
BRDA:227,2,1,0
BRDA:231,3,0,0
BRF:7
BRH:0
end_of_record
TN:
SF:models/User.js
FN:157,(anonymous_0)
FN:172,(anonymous_1)
FN:177,(anonymous_2)
FN:190,(anonymous_3)
FN:195,(anonymous_4)
FN:200,(anonymous_5)
FN:205,(anonymous_6)
FN:210,(anonymous_7)
FNF:8
FNH:0
FNDA:0,(anonymous_0)
FNDA:0,(anonymous_1)
FNDA:0,(anonymous_2)
FNDA:0,(anonymous_3)
FNDA:0,(anonymous_4)
FNDA:0,(anonymous_5)
FNDA:0,(anonymous_6)
FNDA:0,(anonymous_7)
DA:1,0
DA:2,0
DA:4,0
DA:152,0
DA:153,0
DA:154,0
DA:157,0
DA:159,0
DA:161,0
DA:163,0
DA:164,0
DA:165,0
DA:167,0
DA:172,0
DA:173,0
DA:177,0
DA:178,0
DA:180,0
DA:181,0
DA:182,0
DA:183,0
DA:184,0
DA:186,0
DA:190,0
DA:191,0
DA:195,0
DA:196,0
DA:200,0
DA:201,0
DA:205,0
DA:206,0
DA:210,0
DA:211,0
DA:215,0
DA:216,0
DA:218,0
LF:36
LH:0
BRDA:159,0,0,0
BRDA:159,0,1,0
BRDA:163,1,0,0
BRDA:163,1,1,0
BRF:4
BRH:0
end_of_record
TN:
SF:routes/admin.js
FN:12,(anonymous_0)
FN:32,(anonymous_1)
FN:139,(anonymous_2)
FN:200,(anonymous_3)
FN:247,(anonymous_4)
FN:279,(anonymous_5)
FN:325,(anonymous_6)
FN:368,(anonymous_7)
FN:415,(anonymous_8)
FN:443,(anonymous_9)
FN:444,(anonymous_10)
FN:464,(anonymous_11)
FN:525,(anonymous_12)
FN:668,(anonymous_13)
FNF:14
FNH:0
FNDA:0,(anonymous_0)
FNDA:0,(anonymous_1)
FNDA:0,(anonymous_2)
FNDA:0,(anonymous_3)
FNDA:0,(anonymous_4)
FNDA:0,(anonymous_5)
FNDA:0,(anonymous_6)
FNDA:0,(anonymous_7)
FNDA:0,(anonymous_8)
FNDA:0,(anonymous_9)
FNDA:0,(anonymous_10)
FNDA:0,(anonymous_11)
FNDA:0,(anonymous_12)
FNDA:0,(anonymous_13)
DA:1,0
DA:2,0
DA:3,0
DA:4,0
DA:5,0
DA:6,0
DA:7,0
DA:8,0
DA:9,0
DA:12,0
DA:13,0
DA:14,0
DA:15,0
DA:20,0
DA:22,0
DA:32,0
DA:33,0
DA:35,0
DA:36,0
DA:37,0
DA:38,0
DA:39,0
DA:40,0
DA:41,0
DA:44,0
DA:48,0
DA:51,0
DA:56,0
DA:61,0
DA:66,0
DA:78,0
DA:98,0
DA:128,0
DA:129,0
DA:139,0
DA:140,0
DA:150,0
DA:152,0
DA:154,0
DA:155,0
DA:156,0
DA:157,0
DA:158,0
DA:164,0
DA:165,0
DA:167,0
DA:173,0
DA:175,0
DA:189,0
DA:190,0
DA:200,0
DA:201,0
DA:202,0
DA:204,0
DA:205,0
DA:206,0
DA:212,0
DA:213,0
DA:219,0
DA:220,0
DA:221,0
DA:223,0
DA:226,0
DA:227,0
DA:230,0
DA:236,0
DA:237,0
DA:247,0
DA:248,0
DA:249,0
DA:251,0
DA:252,0
DA:253,0
DA:259,0
DA:260,0
DA:262,0
DA:268,0
DA:269,0
DA:279,0
DA:280,0
DA:286,0
DA:288,0
DA:289,0
DA:291,0
DA:298,0
DA:300,0
DA:314,0
DA:315,0
DA:325,0
DA:326,0
DA:327,0
DA:329,0
DA:330,0
DA:331,0
DA:337,0
DA:338,0
DA:339,0
DA:341,0
DA:344,0
DA:345,0
DA:346,0
DA:347,0
DA:351,0
DA:357,0
DA:358,0
DA:368,0
DA:369,0
DA:375,0
DA:377,0
DA:378,0
DA:380,0
DA:388,0
DA:390,0
DA:404,0
DA:405,0
DA:415,0
DA:416,0
DA:417,0
DA:419,0
DA:420,0
DA:426,0
DA:427,0
DA:428,0
DA:434,0
DA:435,0
DA:436,0
DA:437,0
DA:439,0
DA:442,0
DA:443,0
DA:444,0
DA:447,0
DA:453,0
DA:454,0
DA:464,0
DA:465,0
DA:475,0
DA:477,0
DA:479,0
DA:480,0
DA:481,0
DA:482,0
DA:483,0
DA:484,0
DA:487,0
DA:488,0
DA:490,0
DA:498,0
DA:500,0
DA:514,0
DA:515,0
DA:525,0
DA:526,0
DA:527,0
DA:528,0
DA:530,0
DA:531,0
DA:534,0
DA:559,0
DA:603,0
DA:647,0
DA:657,0
DA:658,0
DA:668,0
DA:669,0
DA:670,0
DA:671,0
DA:673,0
DA:674,0
DA:677,0
DA:700,0
DA:710,0
DA:726,0
DA:736,0
DA:737,0
DA:744,0
LF:176
LH:0
BRDA:14,0,0,0
BRDA:14,0,1,0
BRDA:115,1,0,0
BRDA:115,1,1,0
BRDA:142,2,0,0
BRDA:143,3,0,0
BRDA:148,4,0,0
BRDA:149,5,0,0
BRDA:154,6,0,0
BRDA:154,6,1,0
BRDA:155,7,0,0
BRDA:155,7,1,0
BRDA:156,8,0,0
BRDA:156,8,1,0
BRDA:157,9,0,0
BRDA:157,9,1,0
BRDA:165,10,0,0
BRDA:165,10,1,0
BRDA:205,11,0,0
BRDA:205,11,1,0
BRDA:212,12,0,0
BRDA:212,12,1,0
BRDA:220,13,0,0
BRDA:220,13,1,0
BRDA:221,14,0,0
BRDA:221,14,1,0
BRDA:226,15,0,0
BRDA:226,15,1,0
BRDA:232,16,0,0
BRDA:232,16,1,0
BRDA:252,17,0,0
BRDA:252,17,1,0
BRDA:264,18,0,0
BRDA:264,18,1,0
BRDA:282,19,0,0
BRDA:283,20,0,0
BRDA:284,21,0,0
BRDA:285,22,0,0
BRDA:289,23,0,0
BRDA:289,23,1,0
BRDA:330,24,0,0
BRDA:330,24,1,0
BRDA:338,25,0,0
BRDA:338,25,1,0
BRDA:339,26,0,0
BRDA:339,26,1,0
BRDA:344,27,0,0
BRDA:344,27,1,0
BRDA:346,28,0,0
BRDA:346,28,1,0
BRDA:353,29,0,0
BRDA:353,29,1,0
BRDA:371,30,0,0
BRDA:372,31,0,0
BRDA:373,32,0,0
BRDA:374,33,0,0
BRDA:378,34,0,0
BRDA:378,34,1,0
BRDA:419,35,0,0
BRDA:419,35,1,0
BRDA:427,36,0,0
BRDA:427,36,1,0
BRDA:442,37,0,0
BRDA:442,37,1,0
BRDA:442,38,0,0
BRDA:442,38,1,0
BRDA:467,39,0,0
BRDA:468,40,0,0
BRDA:473,41,0,0
BRDA:474,42,0,0
BRDA:479,43,0,0
BRDA:479,43,1,0
BRDA:480,44,0,0
BRDA:480,44,1,0
BRDA:481,45,0,0
BRDA:481,45,1,0
BRDA:481,46,0,0
BRDA:481,46,1,0
BRDA:483,47,0,0
BRDA:483,47,1,0
BRDA:484,48,0,0
BRDA:484,48,1,0
BRDA:488,49,0,0
BRDA:488,49,1,0
BRDA:527,50,0,0
BRDA:670,51,0,0
BRDA:731,52,0,0
BRDA:731,52,1,0
BRF:88
BRH:0
end_of_record
TN:
SF:routes/auth.js
FN:12,(anonymous_0)
FN:53,(anonymous_1)
FN:153,(anonymous_2)
FN:221,(anonymous_3)
FN:246,(anonymous_4)
FN:322,(anonymous_5)
FN:374,(anonymous_6)
FN:422,(anonymous_7)
FNF:8
FNH:0
FNDA:0,(anonymous_0)
FNDA:0,(anonymous_1)
FNDA:0,(anonymous_2)
FNDA:0,(anonymous_3)
FNDA:0,(anonymous_4)
FNDA:0,(anonymous_5)
FNDA:0,(anonymous_6)
FNDA:0,(anonymous_7)
DA:1,0
DA:2,0
DA:3,0
DA:4,0
DA:5,0
DA:6,0
DA:7,0
DA:9,0
DA:12,0
DA:13,0
DA:23,0
DA:54,0
DA:56,0
DA:57,0
DA:58,0
DA:65,0
DA:68,0
DA:69,0
DA:70,0
DA:77,0
DA:85,0
DA:86,0
DA:87,0
DA:90,0
DA:93,0
DA:94,0
DA:97,0
DA:125,0
DA:134,0
DA:135,0
DA:145,0
DA:154,0
DA:156,0
DA:157,0
DA:158,0
DA:165,0
DA:168,0
DA:170,0
DA:171,0
DA:178,0
DA:179,0
DA:186,0
DA:187,0
DA:188,0
DA:195,0
DA:196,0
DA:199,0
DA:201,0
DA:210,0
DA:211,0
DA:221,0
DA:222,0
DA:223,0
DA:230,0
DA:231,0
DA:241,0
DA:247,0
DA:248,0
DA:249,0
DA:250,0
DA:257,0
DA:259,0
DA:260,0
DA:262,0
DA:269,0
DA:270,0
DA:271,0
DA:272,0
DA:275,0
DA:276,0
DA:277,0
DA:279,0
DA:291,0
DA:292,0
DA:299,0
DA:304,0
DA:305,0
DA:315,0
DA:323,0
DA:324,0
DA:325,0
DA:326,0
DA:333,0
DA:336,0
DA:341,0
DA:342,0
DA:349,0
DA:350,0
DA:351,0
DA:352,0
DA:354,0
DA:359,0
DA:360,0
DA:370,0
DA:375,0
DA:376,0
DA:377,0
DA:378,0
DA:385,0
DA:388,0
DA:393,0
DA:394,0
DA:401,0
DA:402,0
DA:403,0
DA:404,0
DA:406,0
DA:411,0
DA:412,0
DA:422,0
DA:423,0
DA:424,0
DA:426,0
DA:433,0
DA:434,0
DA:441,0
LF:116
LH:0
BRDA:16,0,0,0
BRDA:16,0,1,0
BRDA:57,1,0,0
BRDA:57,1,1,0
BRDA:65,2,0,0
BRDA:69,3,0,0
BRDA:69,3,1,0
BRDA:85,4,0,0
BRDA:85,4,1,0
BRDA:86,5,0,0
BRDA:86,5,1,0
BRDA:87,6,0,0
BRDA:87,6,1,0
BRDA:90,7,0,0
BRDA:90,7,1,0
BRDA:157,8,0,0
BRDA:157,8,1,0
BRDA:170,9,0,0
BRDA:170,9,1,0
BRDA:178,10,0,0
BRDA:178,10,1,0
BRDA:187,11,0,0
BRDA:187,11,1,0
BRDA:249,12,0,0
BRDA:249,12,1,0
BRDA:260,13,0,0
BRDA:260,13,1,0
BRDA:275,14,0,0
BRDA:275,14,1,0
BRDA:325,15,0,0
BRDA:325,15,1,0
BRDA:341,16,0,0
BRDA:341,16,1,0
BRDA:377,17,0,0
BRDA:377,17,1,0
BRDA:393,18,0,0
BRDA:393,18,1,0
BRF:37
BRH:0
end_of_record
TN:
SF:routes/cart.js
FN:10,(anonymous_0)
FN:45,(anonymous_1)
FN:128,(anonymous_2)
FN:211,(anonymous_3)
FN:259,(anonymous_4)
FN:319,(anonymous_5)
FN:358,(anonymous_6)
FN:378,(anonymous_7)
FN:400,(anonymous_8)
FN:442,(anonymous_9)
FN:469,(anonymous_10)
FNF:11
FNH:0
FNDA:0,(anonymous_0)
FNDA:0,(anonymous_1)
FNDA:0,(anonymous_2)
FNDA:0,(anonymous_3)
FNDA:0,(anonymous_4)
FNDA:0,(anonymous_5)
FNDA:0,(anonymous_6)
FNDA:0,(anonymous_7)
FNDA:0,(anonymous_8)
FNDA:0,(anonymous_9)
FNDA:0,(anonymous_10)
DA:1,0
DA:2,0
DA:3,0
DA:4,0
DA:5,0
DA:10,0
DA:11,0
DA:12,0
DA:15,0
DA:24,0
DA:26,0
DA:34,0
DA:35,0
DA:45,0
DA:46,0
DA:47,0
DA:50,0
DA:51,0
DA:52,0
DA:58,0
DA:59,0
DA:66,0
DA:67,0
DA:68,0
DA:69,0
DA:75,0
DA:76,0
DA:84,0
DA:87,0
DA:97,0
DA:106,0
DA:108,0
DA:117,0
DA:118,0
DA:128,0
DA:129,0
DA:130,0
DA:132,0
DA:133,0
DA:139,0
DA:142,0
DA:143,0
DA:144,0
DA:151,0
DA:152,0
DA:153,0
DA:159,0
DA:160,0
DA:161,0
DA:162,0
DA:168,0
DA:169,0
DA:177,0
DA:180,0
DA:189,0
DA:191,0
DA:200,0
DA:201,0
DA:211,0
DA:212,0
DA:213,0
DA:216,0
DA:217,0
DA:218,0
DA:225,0
DA:228,0
DA:237,0
DA:239,0
DA:248,0
DA:249,0
DA:259,0
DA:260,0
DA:261,0
DA:263,0
DA:264,0
DA:272,0
DA:278,0
DA:281,0
DA:288,0
DA:297,0
DA:299,0
DA:308,0
DA:309,0
DA:319,0
DA:320,0
DA:321,0
DA:324,0
DA:327,0
DA:336,0
DA:338,0
DA:347,0
DA:348,0
DA:358,0
DA:359,0
DA:360,0
DA:363,0
DA:366,0
DA:375,0
DA:378,0
DA:380,0
DA:389,0
DA:390,0
DA:400,0
DA:401,0
DA:402,0
DA:404,0
DA:405,0
DA:411,0
DA:413,0
DA:421,0
DA:423,0
DA:431,0
DA:432,0
DA:442,0
DA:443,0
DA:444,0
DA:447,0
DA:449,0
DA:458,0
DA:459,0
DA:469,0
DA:470,0
DA:471,0
DA:473,0
DA:478,0
DA:479,0
DA:486,0
LF:127
LH:0
BRDA:47,0,0,0
BRDA:51,1,0,0
BRDA:51,1,1,0
BRDA:58,2,0,0
BRDA:58,2,1,0
BRDA:58,3,0,0
BRDA:58,3,1,0
BRDA:66,4,0,0
BRDA:66,4,1,0
BRDA:68,5,0,0
BRDA:68,5,1,0
BRDA:68,6,0,0
BRDA:68,6,1,0
BRDA:75,7,0,0
BRDA:75,7,1,0
BRDA:132,8,0,0
BRDA:132,8,1,0
BRDA:132,9,0,0
BRDA:132,9,1,0
BRDA:143,10,0,0
BRDA:143,10,1,0
BRDA:152,11,0,0
BRDA:152,11,1,0
BRDA:159,12,0,0
BRDA:159,12,1,0
BRDA:161,13,0,0
BRDA:161,13,1,0
BRDA:161,14,0,0
BRDA:161,14,1,0
BRDA:168,15,0,0
BRDA:168,15,1,0
BRDA:217,16,0,0
BRDA:217,16,1,0
BRDA:263,17,0,0
BRDA:263,17,1,0
BRDA:385,18,0,0
BRDA:385,18,1,0
BRDA:402,19,0,0
BRDA:404,20,0,0
BRDA:404,20,1,0
BRDA:404,21,0,0
BRDA:404,21,1,0
BRDA:404,21,2,0
BRDA:404,21,3,0
BRF:44
BRH:0
end_of_record
TN:
SF:routes/customers.js
FN:10,(anonymous_0)
FN:61,(anonymous_1)
FN:107,(anonymous_2)
FN:176,(anonymous_3)
FN:233,(anonymous_4)
FN:291,(anonymous_5)
FN:348,(anonymous_6)
FN:386,(anonymous_7)
FN:438,(anonymous_8)
FN:465,(anonymous_9)
FNF:10
FNH:0
FNDA:0,(anonymous_0)
FNDA:0,(anonymous_1)
FNDA:0,(anonymous_2)
FNDA:0,(anonymous_3)
FNDA:0,(anonymous_4)
FNDA:0,(anonymous_5)
FNDA:0,(anonymous_6)
FNDA:0,(anonymous_7)
FNDA:0,(anonymous_8)
FNDA:0,(anonymous_9)
DA:1,0
DA:2,0
DA:3,0
DA:4,0
DA:5,0
DA:6,0
DA:7,0
DA:10,0
DA:11,0
DA:12,0
DA:16,0
DA:17,0
DA:24,0
DA:26,0
DA:34,0
DA:35,0
DA:43,0
DA:62,0
DA:63,0
DA:64,0
DA:65,0
DA:72,0
DA:73,0
DA:75,0
DA:76,0
DA:77,0
DA:79,0
DA:85,0
DA:86,0
DA:92,0
DA:98,0
DA:99,0
DA:107,0
DA:108,0
DA:109,0
DA:110,0
DA:112,0
DA:113,0
DA:114,0
DA:117,0
DA:123,0
DA:124,0
DA:126,0
DA:140,0
DA:141,0
DA:149,0
DA:177,0
DA:178,0
DA:179,0
DA:180,0
DA:187,0
DA:190,0
DA:191,0
DA:192,0
DA:196,0
DA:197,0
DA:203,0
DA:212,0
DA:218,0
DA:224,0
DA:225,0
DA:233,0
DA:234,0
DA:235,0
DA:238,0
DA:239,0
DA:245,0
DA:250,0
DA:251,0
DA:259,0
DA:292,0
DA:293,0
DA:294,0
DA:295,0
DA:302,0
DA:303,0
DA:306,0
DA:307,0
DA:313,0
DA:326,0
DA:327,0
DA:333,0
DA:339,0
DA:340,0
DA:348,0
DA:349,0
DA:350,0
DA:352,0
DA:358,0
DA:359,0
DA:365,0
DA:371,0
DA:372,0
DA:380,0
DA:387,0
DA:388,0
DA:389,0
DA:390,0
DA:397,0
DA:400,0
DA:401,0
DA:402,0
DA:409,0
DA:410,0
DA:411,0
DA:417,0
DA:423,0
DA:429,0
DA:430,0
DA:438,0
DA:439,0
DA:440,0
DA:444,0
DA:445,0
DA:451,0
DA:456,0
DA:457,0
DA:465,0
DA:466,0
DA:467,0
DA:469,0
DA:475,0
DA:476,0
DA:482,0
DA:488,0
DA:489,0
DA:496,0
LF:127
LH:0
BRDA:16,0,0,0
BRDA:16,0,1,0
BRDA:64,1,0,0
BRDA:64,1,1,0
BRDA:75,2,0,0
BRDA:75,2,1,0
BRDA:76,3,0,0
BRDA:76,3,1,0
BRDA:77,4,0,0
BRDA:77,4,1,0
BRDA:85,5,0,0
BRDA:85,5,1,0
BRDA:109,6,0,0
BRDA:109,7,0,0
BRDA:113,8,0,0
BRDA:113,8,1,0
BRDA:179,9,0,0
BRDA:179,9,1,0
BRDA:187,10,0,0
BRDA:191,11,0,0
BRDA:191,11,1,0
BRDA:191,12,0,0
BRDA:191,12,1,0
BRDA:196,13,0,0
BRDA:196,13,1,0
BRDA:238,14,0,0
BRDA:238,14,1,0
BRDA:247,15,0,0
BRDA:247,15,1,0
BRDA:294,16,0,0
BRDA:294,16,1,0
BRDA:306,17,0,0
BRDA:306,17,1,0
BRDA:326,18,0,0
BRDA:326,18,1,0
BRDA:358,19,0,0
BRDA:358,19,1,0
BRDA:389,20,0,0
BRDA:389,20,1,0
BRDA:401,21,0,0
BRDA:401,21,1,0
BRDA:410,22,0,0
BRDA:410,22,1,0
BRDA:410,23,0,0
BRDA:410,23,1,0
BRDA:444,24,0,0
BRDA:444,24,1,0
BRDA:453,25,0,0
BRDA:453,25,1,0
BRDA:475,26,0,0
BRDA:475,26,1,0
BRF:51
BRH:0
end_of_record
TN:
SF:routes/follows.js
FN:10,(anonymous_0)
FN:73,(anonymous_1)
FN:118,(anonymous_2)
FN:181,(anonymous_3)
FN:206,(anonymous_4)
FN:249,(anonymous_5)
FN:311,(anonymous_6)
FN:352,(anonymous_7)
FN:374,(anonymous_8)
FN:419,(anonymous_9)
FN:469,(anonymous_10)
FN:520,(anonymous_11)
FNF:12
FNH:0
FNDA:0,(anonymous_0)
FNDA:0,(anonymous_1)
FNDA:0,(anonymous_2)
FNDA:0,(anonymous_3)
FNDA:0,(anonymous_4)
FNDA:0,(anonymous_5)
FNDA:0,(anonymous_6)
FNDA:0,(anonymous_7)
FNDA:0,(anonymous_8)
FNDA:0,(anonymous_9)
FNDA:0,(anonymous_10)
FNDA:0,(anonymous_11)
DA:1,0
DA:2,0
DA:3,0
DA:4,0
DA:5,0
DA:10,0
DA:11,0
DA:12,0
DA:13,0
DA:16,0
DA:17,0
DA:18,0
DA:24,0
DA:25,0
DA:32,0
DA:33,0
DA:34,0
DA:41,0
DA:51,0
DA:53,0
DA:62,0
DA:63,0
DA:73,0
DA:74,0
DA:75,0
DA:78,0
DA:79,0
DA:80,0
DA:87,0
DA:88,0
DA:89,0
DA:96,0
DA:98,0
DA:107,0
DA:108,0
DA:118,0
DA:119,0
DA:120,0
DA:123,0
DA:124,0
DA:125,0
DA:131,0
DA:132,0
DA:139,0
DA:141,0
DA:143,0
DA:144,0
DA:154,0
DA:158,0
DA:160,0
DA:170,0
DA:171,0
DA:181,0
DA:182,0
DA:183,0
DA:185,0
DA:187,0
DA:195,0
DA:196,0
DA:206,0
DA:207,0
DA:213,0
DA:215,0
DA:221,0
DA:222,0
DA:224,0
DA:238,0
DA:239,0
DA:249,0
DA:250,0
DA:251,0
DA:254,0
DA:255,0
DA:256,0
DA:263,0
DA:264,0
DA:275,0
DA:277,0
DA:283,0
DA:284,0
DA:286,0
DA:300,0
DA:301,0
DA:311,0
DA:312,0
DA:313,0
DA:314,0
DA:316,0
DA:317,0
DA:324,0
DA:325,0
DA:326,0
DA:333,0
DA:335,0
DA:341,0
DA:342,0
DA:352,0
DA:353,0
DA:354,0
DA:356,0
DA:358,0
DA:363,0
DA:364,0
DA:374,0
DA:375,0
DA:376,0
DA:377,0
DA:380,0
DA:381,0
DA:382,0
DA:389,0
DA:390,0
DA:396,0
DA:397,0
DA:399,0
DA:408,0
DA:409,0
DA:419,0
DA:420,0
DA:421,0
DA:424,0
DA:425,0
DA:427,0
DA:428,0
DA:435,0
DA:436,0
DA:437,0
DA:439,0
DA:440,0
DA:446,0
DA:448,0
DA:458,0
DA:459,0
DA:469,0
DA:470,0
DA:471,0
DA:472,0
DA:474,0
DA:475,0
DA:482,0
DA:483,0
DA:484,0
DA:491,0
DA:492,0
DA:498,0
DA:500,0
DA:509,0
DA:510,0
DA:520,0
DA:521,0
DA:522,0
DA:525,0
DA:526,0
DA:531,0
DA:540,0
DA:541,0
DA:548,0
LF:157
LH:0
BRDA:17,0,0,0
BRDA:17,0,1,0
BRDA:24,1,0,0
BRDA:24,1,1,0
BRDA:33,2,0,0
BRDA:33,2,1,0
BRDA:44,3,0,0
BRDA:44,3,1,0
BRDA:79,4,0,0
BRDA:79,4,1,0
BRDA:88,5,0,0
BRDA:88,5,1,0
BRDA:124,6,0,0
BRDA:124,6,1,0
BRDA:131,7,0,0
BRDA:131,7,1,0
BRDA:141,8,0,0
BRDA:141,8,1,0
BRDA:191,9,0,0
BRDA:191,9,1,0
BRDA:209,10,0,0
BRDA:210,11,0,0
BRDA:211,12,0,0
BRDA:212,13,0,0
BRDA:216,14,0,0
BRDA:216,14,1,0
BRDA:255,15,0,0
BRDA:255,15,1,0
BRDA:263,16,0,0
BRDA:263,16,1,0
BRDA:263,17,0,0
BRDA:263,17,1,0
BRDA:271,18,0,0
BRDA:272,19,0,0
BRDA:273,20,0,0
BRDA:274,21,0,0
BRDA:278,22,0,0
BRDA:278,22,1,0
BRDA:316,23,0,0
BRDA:316,23,1,0
BRDA:316,24,0,0
BRDA:316,24,1,0
BRDA:325,25,0,0
BRDA:325,25,1,0
BRDA:354,26,0,0
BRDA:377,27,0,0
BRDA:381,28,0,0
BRDA:381,28,1,0
BRDA:389,29,0,0
BRDA:389,29,1,0
BRDA:389,30,0,0
BRDA:389,30,1,0
BRDA:427,31,0,0
BRDA:427,31,1,0
BRDA:427,32,0,0
BRDA:427,32,1,0
BRDA:439,33,0,0
BRDA:439,33,1,0
BRDA:439,34,0,0
BRDA:439,34,1,0
BRDA:439,34,2,0
BRDA:474,35,0,0
BRDA:474,35,1,0
BRDA:474,36,0,0
BRDA:474,36,1,0
BRDA:483,37,0,0
BRDA:483,37,1,0
BRDA:491,38,0,0
BRDA:491,38,1,0
BRDA:491,39,0,0
BRDA:491,39,1,0
BRF:71
BRH:0
end_of_record
TN:
SF:routes/orders.js
FN:10,(anonymous_0)
FN:22,(anonymous_1)
FN:64,(anonymous_2)
FN:82,(anonymous_3)
FN:151,(anonymous_4)
FN:241,(anonymous_5)
FN:264,(anonymous_6)
FN:304,(anonymous_7)
FNF:8
FNH:0
FNDA:0,(anonymous_0)
FNDA:0,(anonymous_1)
FNDA:0,(anonymous_2)
FNDA:0,(anonymous_3)
FNDA:0,(anonymous_4)
FNDA:0,(anonymous_5)
FNDA:0,(anonymous_6)
FNDA:0,(anonymous_7)
DA:1,0
DA:2,0
DA:3,0
DA:4,0
DA:5,0
DA:6,0
DA:7,0
DA:10,0
DA:11,0
DA:12,0
DA:13,0
DA:15,0
DA:17,0
DA:18,0
DA:19,0
DA:21,0
DA:22,0
DA:23,0
DA:26,0
DA:27,0
DA:30,0
DA:38,0
DA:39,0
DA:41,0
DA:55,0
DA:56,0
DA:64,0
DA:65,0
DA:66,0
DA:68,0
DA:70,0
DA:71,0
DA:72,0
DA:74,0
DA:75,0
DA:76,0
DA:82,0
DA:83,0
DA:86,0
DA:87,0
DA:94,0
DA:99,0
DA:100,0
DA:106,0
DA:111,0
DA:112,0
DA:120,0
DA:152,0
DA:153,0
DA:154,0
DA:155,0
DA:162,0
DA:165,0
DA:166,0
DA:168,0
DA:169,0
DA:170,0
DA:171,0
DA:177,0
DA:178,0
DA:184,0
DA:185,0
DA:187,0
DA:194,0
DA:199,0
DA:208,0
DA:210,0
DA:215,0
DA:221,0
DA:222,0
DA:230,0
DA:242,0
DA:243,0
DA:244,0
DA:245,0
DA:252,0
DA:253,0
DA:256,0
DA:257,0
DA:258,0
DA:264,0
DA:265,0
DA:268,0
DA:269,0
DA:276,0
DA:277,0
DA:278,0
DA:281,0
DA:289,0
DA:295,0
DA:296,0
DA:304,0
DA:305,0
DA:306,0
DA:308,0
DA:313,0
DA:314,0
DA:321,0
DA:322,0
DA:324,0
DA:325,0
DA:331,0
DA:332,0
DA:339,0
DA:340,0
DA:343,0
DA:344,0
DA:349,0
DA:354,0
DA:360,0
DA:361,0
DA:368,0
LF:112
LH:0
BRDA:12,0,0,0
BRDA:12,1,0,0
BRDA:17,2,0,0
BRDA:17,2,1,0
BRDA:19,3,0,0
BRDA:19,3,1,0
BRDA:26,4,0,0
BRDA:26,4,1,0
BRDA:70,5,0,0
BRDA:70,5,1,0
BRDA:72,6,0,0
BRDA:72,6,1,0
BRDA:75,7,0,0
BRDA:75,7,1,0
BRDA:83,8,0,0
BRDA:83,8,1,0
BRDA:86,9,0,0
BRDA:86,9,1,0
BRDA:99,10,0,0
BRDA:99,10,1,0
BRDA:154,11,0,0
BRDA:154,11,1,0
BRDA:170,12,0,0
BRDA:170,12,1,0
BRDA:177,13,0,0
BRDA:177,13,1,0
BRDA:244,14,0,0
BRDA:244,14,1,0
BRDA:257,15,0,0
BRDA:257,15,1,0
BRDA:265,16,0,0
BRDA:265,16,1,0
BRDA:268,17,0,0
BRDA:268,17,1,0
BRDA:277,18,0,0
BRDA:277,18,1,0
BRDA:313,19,0,0
BRDA:313,19,1,0
BRDA:324,20,0,0
BRDA:324,20,1,0
BRDA:331,21,0,0
BRDA:331,21,1,0
BRF:42
BRH:0
end_of_record
TN:
SF:routes/payments.js
FN:21,(anonymous_0)
FN:44,(anonymous_1)
FN:100,(anonymous_2)
FN:143,(anonymous_3)
FN:176,(anonymous_4)
FN:194,(anonymous_5)
FN:270,(anonymous_6)
FN:320,(anonymous_7)
FN:373,(anonymous_8)
FN:399,(anonymous_9)
FN:413,(anonymous_10)
FN:457,handlePaymentCaptured
FN:474,handlePaymentFailed
FN:490,handleRefundProcessed
FNF:14
FNH:0
FNDA:0,(anonymous_0)
FNDA:0,(anonymous_1)
FNDA:0,(anonymous_2)
FNDA:0,(anonymous_3)
FNDA:0,(anonymous_4)
FNDA:0,(anonymous_5)
FNDA:0,(anonymous_6)
FNDA:0,(anonymous_7)
FNDA:0,(anonymous_8)
FNDA:0,(anonymous_9)
FNDA:0,(anonymous_10)
FNDA:0,handlePaymentCaptured
FNDA:0,handlePaymentFailed
FNDA:0,handleRefundProcessed
DA:1,0
DA:2,0
DA:3,0
DA:4,0
DA:5,0
DA:6,0
DA:7,0
DA:10,0
DA:11,0
DA:12,0
DA:21,0
DA:22,0
DA:23,0
DA:24,0
DA:30,0
DA:33,0
DA:35,0
DA:36,0
DA:43,0
DA:44,0
DA:46,0
DA:47,0
DA:55,0
DA:56,0
DA:58,0
DA:59,0
DA:66,0
DA:76,0
DA:89,0
DA:90,0
DA:100,0
DA:101,0
DA:102,0
DA:103,0
DA:115,0
DA:118,0
DA:119,0
DA:124,0
DA:125,0
DA:132,0
DA:134,0
DA:135,0
DA:142,0
DA:144,0
DA:145,0
DA:147,0
DA:148,0
DA:150,0
DA:173,0
DA:174,0
DA:176,0
DA:177,0
DA:178,0
DA:179,0
DA:186,0
DA:191,0
DA:194,0
DA:195,0
DA:205,0
DA:226,0
DA:227,0
DA:230,0
DA:231,0
DA:232,0
DA:234,0
DA:235,0
DA:237,0
DA:241,0
DA:245,0
DA:248,0
DA:250,0
DA:259,0
DA:260,0
DA:270,0
DA:271,0
DA:272,0
DA:273,0
DA:276,0
DA:281,0
DA:282,0
DA:288,0
DA:290,0
DA:292,0
DA:293,0
DA:296,0
DA:297,0
DA:300,0
DA:301,0
DA:304,0
DA:307,0
DA:309,0
DA:310,0
DA:320,0
DA:321,0
DA:322,0
DA:323,0
DA:329,0
DA:331,0
DA:332,0
DA:333,0
DA:340,0
DA:341,0
DA:342,0
DA:348,0
DA:349,0
DA:351,0
DA:352,0
DA:359,0
DA:370,0
DA:373,0
DA:374,0
DA:375,0
DA:378,0
DA:388,0
DA:389,0
DA:399,0
DA:400,0
DA:401,0
DA:403,0
DA:404,0
DA:411,0
DA:413,0
DA:414,0
DA:421,0
DA:422,0
DA:423,0
DA:424,0
DA:425,0
DA:436,0
DA:440,0
DA:448,0
DA:449,0
DA:458,0
DA:459,0
DA:460,0
DA:463,0
DA:464,0
DA:465,0
DA:466,0
DA:467,0
DA:470,0
DA:475,0
DA:476,0
DA:477,0
DA:480,0
DA:481,0
DA:482,0
DA:483,0
DA:486,0
DA:491,0
DA:492,0
DA:493,0
DA:498,0
DA:502,0
LF:154
LH:0
BRDA:11,0,0,0
BRDA:11,0,1,0
BRDA:11,1,0,0
BRDA:11,1,1,0
BRDA:23,2,0,0
BRDA:23,2,1,0
BRDA:30,3,0,0
BRDA:35,4,0,0
BRDA:35,4,1,0
BRDA:35,5,0,0
BRDA:35,5,1,0
BRDA:46,6,0,0
BRDA:46,6,1,0
BRDA:58,7,0,0
BRDA:58,7,1,0
BRDA:102,8,0,0
BRDA:102,8,1,0
BRDA:114,9,0,0
BRDA:124,10,0,0
BRDA:124,10,1,0
BRDA:134,11,0,0
BRDA:134,11,1,0
BRDA:134,12,0,0
BRDA:134,12,1,0
BRDA:178,13,0,0
BRDA:178,13,1,0
BRDA:234,14,0,0
BRDA:234,14,1,0
BRDA:234,15,0,0
BRDA:234,15,1,0
BRDA:234,15,2,0
BRDA:281,16,0,0
BRDA:281,16,1,0
BRDA:290,17,0,0
BRDA:290,17,1,0
BRDA:290,17,2,0
BRDA:290,17,3,0
BRDA:322,18,0,0
BRDA:322,18,1,0
BRDA:332,19,0,0
BRDA:332,19,1,0
BRDA:341,20,0,0
BRDA:341,20,1,0
BRDA:351,21,0,0
BRDA:351,21,1,0
BRDA:351,22,0,0
BRDA:351,22,1,0
BRDA:374,23,0,0
BRDA:374,23,1,0
BRDA:403,24,0,0
BRDA:403,24,1,0
BRDA:411,25,0,0
BRDA:411,25,1,0
BRDA:411,26,0,0
BRDA:411,26,1,0
BRDA:411,26,2,0
BRDA:422,27,0,0
BRDA:422,27,1,0
BRDA:422,28,0,0
BRDA:422,28,1,0
BRDA:422,28,2,0
BRDA:431,29,0,0
BRDA:431,29,1,0
BRDA:464,30,0,0
BRDA:464,30,1,0
BRDA:464,31,0,0
BRDA:464,31,1,0
BRDA:481,32,0,0
BRDA:481,32,1,0
BRF:69
BRH:0
end_of_record
TN:
SF:routes/products.js
FN:12,(anonymous_0)
FN:15,(anonymous_1)
FN:26,(anonymous_2)
FN:42,(anonymous_3)
FN:120,(anonymous_4)
FN:203,(anonymous_5)
FN:256,(anonymous_6)
FN:283,(anonymous_7)
FN:320,(anonymous_8)
FN:355,(anonymous_9)
FN:370,(anonymous_10)
FNF:11
FNH:0
FNDA:0,(anonymous_0)
FNDA:0,(anonymous_1)
FNDA:0,(anonymous_2)
FNDA:0,(anonymous_3)
FNDA:0,(anonymous_4)
FNDA:0,(anonymous_5)
FNDA:0,(anonymous_6)
FNDA:0,(anonymous_7)
FNDA:0,(anonymous_8)
FNDA:0,(anonymous_9)
FNDA:0,(anonymous_10)
DA:1,0
DA:2,0
DA:3,0
DA:4,0
DA:5,0
DA:6,0
DA:8,0
DA:11,0
DA:13,0
DA:16,0
DA:17,0
DA:21,0
DA:27,0
DA:28,0
DA:29,0
DA:31,0
DA:32,0
DA:34,0
DA:42,0
DA:43,0
DA:44,0
DA:46,0
DA:48,0
DA:49,0
DA:52,0
DA:53,0
DA:59,0
DA:64,0
DA:66,0
DA:78,0
DA:79,0
DA:89,0
DA:121,0
DA:123,0
DA:124,0
DA:125,0
DA:142,0
DA:145,0
DA:159,0
DA:161,0
DA:167,0
DA:168,0
DA:178,0
DA:204,0
DA:206,0
DA:207,0
DA:208,0
DA:215,0
DA:217,0
DA:218,0
DA:225,0
DA:226,0
DA:233,0
DA:239,0
DA:245,0
DA:246,0
DA:256,0
DA:257,0
DA:258,0
DA:260,0
DA:261,0
DA:267,0
DA:272,0
DA:273,0
DA:283,0
DA:284,0
DA:285,0
DA:287,0
DA:288,0
DA:295,0
DA:296,0
DA:302,0
DA:304,0
DA:309,0
DA:310,0
DA:320,0
DA:321,0
DA:322,0
DA:323,0
DA:330,0
DA:337,0
DA:339,0
DA:344,0
DA:345,0
DA:355,0
DA:356,0
DA:370,0
DA:371,0
DA:372,0
DA:374,0
DA:376,0
DA:377,0
DA:380,0
DA:381,0
DA:384,0
DA:385,0
DA:391,0
DA:397,0
DA:399,0
DA:411,0
DA:412,0
DA:419,0
LF:102
LH:0
BRDA:31,0,0,0
BRDA:31,0,1,0
BRDA:31,1,0,0
BRDA:31,1,1,0
BRDA:44,2,0,0
BRDA:44,3,0,0
BRDA:48,4,0,0
BRDA:48,4,1,0
BRDA:52,5,0,0
BRDA:52,5,1,0
BRDA:124,6,0,0
BRDA:124,6,1,0
BRDA:207,7,0,0
BRDA:207,7,1,0
BRDA:217,8,0,0
BRDA:217,8,1,0
BRDA:225,9,0,0
BRDA:225,9,1,0
BRDA:260,10,0,0
BRDA:260,10,1,0
BRDA:287,11,0,0
BRDA:287,11,1,0
BRDA:295,12,0,0
BRDA:295,12,1,0
BRDA:322,13,0,0
BRDA:322,13,1,0
BRDA:372,14,0,0
BRDA:372,15,0,0
BRDA:376,16,0,0
BRDA:376,16,1,0
BRDA:380,17,0,0
BRDA:380,17,1,0
BRDA:384,18,0,0
BRDA:384,18,1,0
BRF:34
BRH:0
end_of_record
TN:
SF:routes/reviews.js
FN:13,(anonymous_0)
FN:105,(anonymous_1)
FN:135,(anonymous_2)
FN:239,(anonymous_3)
FN:260,(anonymous_4)
FN:269,(anonymous_5)
FN:270,(anonymous_6)
FN:289,(anonymous_7)
FN:330,(anonymous_8)
FN:355,(anonymous_9)
FN:376,(anonymous_10)
FN:406,(anonymous_11)
FN:464,(anonymous_12)
FN:489,(anonymous_13)
FN:490,(anonymous_14)
FN:509,(anonymous_15)
FN:545,(anonymous_16)
FN:546,(anonymous_17)
FN:566,(anonymous_18)
FNF:19
FNH:0
FNDA:0,(anonymous_0)
FNDA:0,(anonymous_1)
FNDA:0,(anonymous_2)
FNDA:0,(anonymous_3)
FNDA:0,(anonymous_4)
FNDA:0,(anonymous_5)
FNDA:0,(anonymous_6)
FNDA:0,(anonymous_7)
FNDA:0,(anonymous_8)
FNDA:0,(anonymous_9)
FNDA:0,(anonymous_10)
FNDA:0,(anonymous_11)
FNDA:0,(anonymous_12)
FNDA:0,(anonymous_13)
FNDA:0,(anonymous_14)
FNDA:0,(anonymous_15)
FNDA:0,(anonymous_16)
FNDA:0,(anonymous_17)
FNDA:0,(anonymous_18)
DA:1,0
DA:2,0
DA:3,0
DA:4,0
DA:5,0
DA:6,0
DA:7,0
DA:8,0
DA:13,0
DA:14,0
DA:25,0
DA:27,0
DA:29,0
DA:30,0
DA:33,0
DA:34,0
DA:37,0
DA:38,0
DA:41,0
DA:42,0
DA:45,0
DA:56,0
DA:57,0
DA:58,0
DA:62,0
DA:63,0
DA:64,0
DA:69,0
DA:77,0
DA:80,0
DA:94,0
DA:95,0
DA:105,0
DA:106,0
DA:107,0
DA:112,0
DA:113,0
DA:119,0
DA:124,0
DA:125,0
DA:135,0
DA:136,0
DA:145,0
DA:148,0
DA:149,0
DA:156,0
DA:157,0
DA:164,0
DA:165,0
DA:166,0
DA:173,0
DA:174,0
DA:175,0
DA:182,0
DA:187,0
DA:188,0
DA:195,0
DA:201,0
DA:203,0
DA:216,0
DA:219,0
DA:220,0
DA:222,0
DA:228,0
DA:229,0
DA:239,0
DA:240,0
DA:241,0
DA:243,0
DA:244,0
DA:251,0
DA:252,0
DA:258,0
DA:260,0
DA:261,0
DA:262,0
DA:266,0
DA:269,0
DA:270,0
DA:272,0
DA:278,0
DA:279,0
DA:289,0
DA:290,0
DA:291,0
DA:293,0
DA:294,0
DA:300,0
DA:302,0
DA:303,0
DA:309,0
DA:311,0
DA:319,0
DA:320,0
DA:330,0
DA:331,0
DA:332,0
DA:334,0
DA:335,0
DA:341,0
DA:342,0
DA:348,0
DA:349,0
DA:355,0
DA:356,0
DA:357,0
DA:359,0
DA:365,0
DA:366,0
DA:376,0
DA:377,0
DA:378,0
DA:380,0
DA:395,0
DA:396,0
DA:406,0
DA:407,0
DA:409,0
DA:410,0
DA:422,0
DA:424,0
DA:426,0
DA:427,0
DA:430,0
DA:437,0
DA:439,0
DA:453,0
DA:454,0
DA:464,0
DA:465,0
DA:466,0
DA:468,0
DA:469,0
DA:476,0
DA:477,0
DA:483,0
DA:484,0
DA:486,0
DA:489,0
DA:490,0
DA:492,0
DA:497,0
DA:498,0
DA:509,0
DA:510,0
DA:511,0
DA:512,0
DA:518,0
DA:520,0
DA:521,0
DA:527,0
DA:529,0
DA:530,0
DA:536,0
DA:537,0
DA:538,0
DA:539,0
DA:541,0
DA:544,0
DA:545,0
DA:546,0
DA:549,0
DA:555,0
DA:556,0
DA:566,0
DA:567,0
DA:568,0
DA:569,0
DA:580,0
DA:582,0
DA:590,0
DA:592,0
DA:606,0
DA:607,0
DA:614,0
LF:175
LH:0
BRDA:16,0,0,0
BRDA:17,1,0,0
BRDA:21,2,0,0
BRDA:22,3,0,0
BRDA:23,4,0,0
BRDA:29,5,0,0
BRDA:29,5,1,0
BRDA:33,6,0,0
BRDA:33,6,1,0
BRDA:37,7,0,0
BRDA:37,7,1,0
BRDA:41,8,0,0
BRDA:41,8,1,0
BRDA:46,9,0,0
BRDA:46,9,1,0
BRDA:48,10,0,0
BRDA:48,10,1,0
BRDA:56,11,0,0
BRDA:56,11,1,0
BRDA:62,12,0,0
BRDA:62,12,1,0
BRDA:112,13,0,0
BRDA:112,13,1,0
BRDA:148,14,0,0
BRDA:148,14,1,0
BRDA:148,15,0,0
BRDA:148,15,1,0
BRDA:148,15,2,0
BRDA:148,15,3,0
BRDA:156,16,0,0
BRDA:156,16,1,0
BRDA:156,17,0,0
BRDA:156,17,1,0
BRDA:165,18,0,0
BRDA:165,18,1,0
BRDA:174,19,0,0
BRDA:174,19,1,0
BRDA:187,20,0,0
BRDA:187,20,1,0
BRDA:213,21,0,0
BRDA:213,21,1,0
BRDA:243,22,0,0
BRDA:243,22,1,0
BRDA:251,23,0,0
BRDA:251,23,1,0
BRDA:261,24,0,0
BRDA:261,24,1,0
BRDA:293,25,0,0
BRDA:293,25,1,0
BRDA:302,26,0,0
BRDA:302,26,1,0
BRDA:334,27,0,0
BRDA:334,27,1,0
BRDA:341,28,0,0
BRDA:341,28,1,0
BRDA:348,29,0,0
BRDA:348,29,1,0
BRDA:348,30,0,0
BRDA:348,30,1,0
BRDA:382,31,0,0
BRDA:382,31,1,0
BRDA:409,32,0,0
BRDA:409,32,1,0
BRDA:409,33,0,0
BRDA:409,33,1,0
BRDA:417,34,0,0
BRDA:418,35,0,0
BRDA:420,36,0,0
BRDA:421,37,0,0
BRDA:426,38,0,0
BRDA:426,38,1,0
BRDA:433,39,0,0
BRDA:433,39,1,0
BRDA:468,40,0,0
BRDA:468,40,1,0
BRDA:476,41,0,0
BRDA:476,41,1,0
BRDA:476,42,0,0
BRDA:476,42,1,0
BRDA:511,43,0,0
BRDA:511,43,1,0
BRDA:520,44,0,0
BRDA:520,44,1,0
BRDA:529,45,0,0
BRDA:529,45,1,0
BRDA:544,46,0,0
BRDA:544,46,1,0
BRDA:544,47,0,0
BRDA:544,47,1,0
BRDA:568,48,0,0
BRDA:568,48,1,0
BRDA:576,49,0,0
BRDA:577,50,0,0
BRDA:578,51,0,0
BRDA:579,52,0,0
BRDA:586,53,0,0
BRDA:586,53,1,0
BRF:97
BRH:0
end_of_record
TN:
SF:routes/shops.js
FN:13,(anonymous_0)
FN:87,(anonymous_1)
FN:122,(anonymous_2)
FN:144,(anonymous_3)
FN:198,(anonymous_4)
FN:252,(anonymous_5)
FN:301,(anonymous_6)
FN:364,(anonymous_7)
FN:396,(anonymous_8)
FN:421,(anonymous_9)
FN:466,(anonymous_10)
FN:511,(anonymous_11)
FN:536,(anonymous_12)
FN:557,(anonymous_13)
FN:603,(anonymous_14)
FN:667,(anonymous_15)
FNF:16
FNH:0
FNDA:0,(anonymous_0)
FNDA:0,(anonymous_1)
FNDA:0,(anonymous_2)
FNDA:0,(anonymous_3)
FNDA:0,(anonymous_4)
FNDA:0,(anonymous_5)
FNDA:0,(anonymous_6)
FNDA:0,(anonymous_7)
FNDA:0,(anonymous_8)
FNDA:0,(anonymous_9)
FNDA:0,(anonymous_10)
FNDA:0,(anonymous_11)
FNDA:0,(anonymous_12)
FNDA:0,(anonymous_13)
FNDA:0,(anonymous_14)
FNDA:0,(anonymous_15)
DA:1,0
DA:2,0
DA:3,0
DA:4,0
DA:5,0
DA:6,0
DA:7,0
DA:8,0
DA:13,0
DA:14,0
DA:26,0
DA:28,0
DA:31,0
DA:32,0
DA:36,0
DA:37,0
DA:41,0
DA:42,0
DA:46,0
DA:47,0
DA:51,0
DA:52,0
DA:56,0
DA:57,0
DA:59,0
DA:69,0
DA:71,0
DA:76,0
DA:77,0
DA:87,0
DA:88,0
DA:89,0
DA:91,0
DA:92,0
DA:98,0
DA:106,0
DA:111,0
DA:112,0
DA:122,0
DA:123,0
DA:124,0
DA:126,0
DA:128,0
DA:133,0
DA:134,0
DA:144,0
DA:145,0
DA:146,0
DA:150,0
DA:151,0
DA:158,0
DA:165,0
DA:171,0
DA:172,0
DA:173,0
DA:174,0
DA:177,0
DA:178,0
DA:179,0
DA:180,0
DA:182,0
DA:187,0
DA:188,0
DA:198,0
DA:199,0
DA:208,0
DA:210,0
DA:219,0
DA:221,0
DA:227,0
DA:241,0
DA:242,0
DA:252,0
DA:253,0
DA:260,0
DA:262,0
DA:269,0
DA:271,0
DA:276,0
DA:290,0
DA:291,0
DA:301,0
DA:302,0
DA:304,0
DA:305,0
DA:312,0
DA:313,0
DA:314,0
DA:330,0
DA:332,0
DA:345,0
DA:347,0
DA:353,0
DA:354,0
DA:364,0
DA:365,0
DA:366,0
DA:368,0
DA:369,0
DA:376,0
DA:377,0
DA:383,0
DA:396,0
DA:397,0
DA:398,0
DA:402,0
DA:404,0
DA:410,0
DA:411,0
DA:421,0
DA:422,0
DA:423,0
DA:425,0
DA:426,0
DA:432,0
DA:433,0
DA:439,0
DA:440,0
DA:446,0
DA:447,0
DA:449,0
DA:455,0
DA:456,0
DA:466,0
DA:467,0
DA:468,0
DA:470,0
DA:471,0
DA:477,0
DA:478,0
DA:484,0
DA:485,0
DA:491,0
DA:492,0
DA:494,0
DA:500,0
DA:501,0
DA:511,0
DA:512,0
DA:513,0
DA:515,0
DA:516,0
DA:522,0
DA:523,0
DA:529,0
DA:530,0
DA:536,0
DA:537,0
DA:538,0
DA:540,0
DA:546,0
DA:547,0
DA:557,0
DA:558,0
DA:559,0
DA:561,0
DA:562,0
DA:568,0
DA:569,0
DA:575,0
DA:576,0
DA:577,0
DA:583,0
DA:584,0
DA:586,0
DA:592,0
DA:593,0
DA:603,0
DA:604,0
DA:605,0
DA:607,0
DA:608,0
DA:614,0
DA:615,0
DA:622,0
DA:628,0
DA:634,0
DA:637,0
DA:638,0
DA:640,0
DA:656,0
DA:657,0
DA:667,0
DA:668,0
DA:669,0
DA:671,0
DA:672,0
DA:679,0
DA:680,0
DA:687,0
DA:688,0
DA:690,0
DA:695,0
DA:696,0
DA:703,0
LF:195
LH:0
BRDA:16,0,0,0
BRDA:17,1,0,0
BRDA:21,2,0,0
BRDA:22,3,0,0
BRDA:25,4,0,0
BRDA:31,5,0,0
BRDA:31,5,1,0
BRDA:36,6,0,0
BRDA:36,6,1,0
BRDA:41,7,0,0
BRDA:41,7,1,0
BRDA:46,8,0,0
BRDA:46,8,1,0
BRDA:51,9,0,0
BRDA:51,9,1,0
BRDA:57,10,0,0
BRDA:57,10,1,0
BRDA:89,11,0,0
BRDA:89,12,0,0
BRDA:91,13,0,0
BRDA:91,13,1,0
BRDA:91,14,0,0
BRDA:91,14,1,0
BRDA:124,15,0,0
BRDA:150,16,0,0
BRDA:150,16,1,0
BRDA:172,17,0,0
BRDA:172,17,1,0
BRDA:201,18,0,0
BRDA:202,19,0,0
BRDA:206,20,0,0
BRDA:207,21,0,0
BRDA:212,22,0,0
BRDA:212,22,1,0
BRDA:213,23,0,0
BRDA:213,23,1,0
BRDA:214,24,0,0
BRDA:214,24,1,0
BRDA:255,25,0,0
BRDA:256,26,0,0
BRDA:258,27,0,0
BRDA:259,28,0,0
BRDA:263,29,0,0
BRDA:263,29,1,0
BRDA:264,30,0,0
BRDA:264,30,1,0
BRDA:304,31,0,0
BRDA:304,31,1,0
BRDA:313,32,0,0
BRDA:313,32,1,0
BRDA:368,33,0,0
BRDA:368,33,1,0
BRDA:376,34,0,0
BRDA:376,34,1,0
BRDA:397,35,0,0
BRDA:397,35,1,0
BRDA:425,36,0,0
BRDA:425,36,1,0
BRDA:432,37,0,0
BRDA:432,37,1,0
BRDA:439,38,0,0
BRDA:439,38,1,0
BRDA:470,39,0,0
BRDA:470,39,1,0
BRDA:477,40,0,0
BRDA:477,40,1,0
BRDA:484,41,0,0
BRDA:484,41,1,0
BRDA:515,42,0,0
BRDA:515,42,1,0
BRDA:522,43,0,0
BRDA:522,43,1,0
BRDA:529,44,0,0
BRDA:529,44,1,0
BRDA:529,45,0,0
BRDA:529,45,1,0
BRDA:561,46,0,0
BRDA:561,46,1,0
BRDA:568,47,0,0
BRDA:568,47,1,0
BRDA:576,48,0,0
BRDA:576,48,1,0
BRDA:576,49,0,0
BRDA:576,49,1,0
BRDA:607,50,0,0
BRDA:607,50,1,0
BRDA:614,51,0,0
BRDA:614,51,1,0
BRDA:647,52,0,0
BRDA:647,52,1,0
BRDA:671,53,0,0
BRDA:671,53,1,0
BRDA:679,54,0,0
BRDA:679,54,1,0
BRDA:679,55,0,0
BRDA:679,55,1,0
BRF:96
BRH:0
end_of_record
TN:
SF:routes/users.js
FN:13,(anonymous_0)
FN:20,(anonymous_1)
FN:31,(anonymous_2)
FN:47,(anonymous_3)
FN:113,(anonymous_4)
FN:169,(anonymous_5)
FN:214,(anonymous_6)
FN:263,(anonymous_7)
FN:313,(anonymous_8)
FN:358,(anonymous_9)
FN:409,(anonymous_10)
FNF:11
FNH:0
FNDA:0,(anonymous_0)
FNDA:0,(anonymous_1)
FNDA:0,(anonymous_2)
FNDA:0,(anonymous_3)
FNDA:0,(anonymous_4)
FNDA:0,(anonymous_5)
FNDA:0,(anonymous_6)
FNDA:0,(anonymous_7)
FNDA:0,(anonymous_8)
FNDA:0,(anonymous_9)
FNDA:0,(anonymous_10)
DA:1,0
DA:2,0
DA:3,0
DA:4,0
DA:5,0
DA:6,0
DA:7,0
DA:9,0
DA:12,0
DA:14,0
DA:15,0
DA:16,0
DA:18,0
DA:21,0
DA:22,0
DA:26,0
DA:32,0
DA:33,0
DA:34,0
DA:36,0
DA:37,0
DA:39,0
DA:47,0
DA:48,0
DA:49,0
DA:56,0
DA:57,0
DA:67,0
DA:114,0
DA:115,0
DA:116,0
DA:117,0
DA:131,0
DA:134,0
DA:135,0
DA:136,0
DA:139,0
DA:140,0
DA:141,0
DA:142,0
DA:145,0
DA:147,0
DA:155,0
DA:156,0
DA:166,0
DA:170,0
DA:171,0
DA:172,0
DA:179,0
DA:180,0
DA:181,0
DA:182,0
DA:187,0
DA:188,0
DA:190,0
DA:199,0
DA:200,0
DA:210,0
DA:215,0
DA:216,0
DA:217,0
DA:224,0
DA:225,0
DA:226,0
DA:227,0
DA:232,0
DA:233,0
DA:235,0
DA:244,0
DA:245,0
DA:255,0
DA:264,0
DA:265,0
DA:266,0
DA:267,0
DA:274,0
DA:277,0
DA:280,0
DA:281,0
DA:282,0
DA:289,0
DA:290,0
DA:292,0
DA:297,0
DA:298,0
DA:308,0
DA:314,0
DA:315,0
DA:316,0
DA:317,0
DA:324,0
DA:327,0
DA:330,0
DA:331,0
DA:332,0
DA:339,0
DA:340,0
DA:342,0
DA:347,0
DA:348,0
DA:358,0
DA:359,0
DA:360,0
DA:362,0
DA:368,0
DA:369,0
DA:376,0
DA:382,0
DA:384,0
DA:398,0
DA:399,0
DA:409,0
DA:410,0
DA:411,0
DA:417,0
DA:418,0
DA:424,0
DA:431,0
DA:432,0
DA:439,0
LF:120
LH:0
BRDA:14,0,0,0
BRDA:14,0,1,0
BRDA:15,1,0,0
BRDA:15,1,1,0
BRDA:29,2,0,0
BRDA:29,2,1,0
BRDA:36,3,0,0
BRDA:36,3,1,0
BRDA:36,4,0,0
BRDA:36,4,1,0
BRDA:116,5,0,0
BRDA:116,5,1,0
BRDA:134,6,0,0
BRDA:134,6,1,0
BRDA:135,7,0,0
BRDA:135,7,1,0
BRDA:136,8,0,0
BRDA:136,8,1,0
BRDA:139,9,0,0
BRDA:139,9,1,0
BRDA:140,10,0,0
BRDA:140,10,1,0
BRDA:141,11,0,0
BRDA:141,11,1,0
BRDA:142,12,0,0
BRDA:142,12,1,0
BRDA:171,13,0,0
BRDA:171,13,1,0
BRDA:179,14,0,0
BRDA:179,14,1,0
BRDA:180,15,0,0
BRDA:180,15,1,0
BRDA:181,16,0,0
BRDA:181,16,1,0
BRDA:216,17,0,0
BRDA:216,17,1,0
BRDA:224,18,0,0
BRDA:224,18,1,0
BRDA:225,19,0,0
BRDA:225,19,1,0
BRDA:226,20,0,0
BRDA:226,20,1,0
BRDA:266,21,0,0
BRDA:266,21,1,0
BRDA:281,22,0,0
BRDA:281,22,1,0
BRDA:316,23,0,0
BRDA:316,23,1,0
BRDA:331,24,0,0
BRDA:331,24,1,0
BRDA:360,25,0,0
BRDA:360,26,0,0
BRDA:368,27,0,0
BRDA:368,27,1,0
BRDA:417,28,0,0
BRDA:417,28,1,0
BRF:56
BRH:0
end_of_record
TN:
SF:routes/vendors.js
FN:13,(anonymous_0)
FN:82,(anonymous_1)
FN:138,(anonymous_2)
FN:179,(anonymous_3)
FN:201,(anonymous_4)
FN:211,(anonymous_5)
FN:212,(anonymous_6)
FN:215,(anonymous_7)
FN:236,(anonymous_8)
FN:240,(anonymous_9)
FN:241,(anonymous_10)
FN:244,(anonymous_11)
FN:258,(anonymous_12)
FN:259,(anonymous_13)
FN:276,(anonymous_14)
FN:301,(anonymous_15)
FNF:16
FNH:0
FNDA:0,(anonymous_0)
FNDA:0,(anonymous_1)
FNDA:0,(anonymous_2)
FNDA:0,(anonymous_3)
FNDA:0,(anonymous_4)
FNDA:0,(anonymous_5)
FNDA:0,(anonymous_6)
FNDA:0,(anonymous_7)
FNDA:0,(anonymous_8)
FNDA:0,(anonymous_9)
FNDA:0,(anonymous_10)
FNDA:0,(anonymous_11)
FNDA:0,(anonymous_12)
FNDA:0,(anonymous_13)
FNDA:0,(anonymous_14)
FNDA:0,(anonymous_15)
DA:1,0
DA:2,0
DA:3,0
DA:4,0
DA:5,0
DA:6,0
DA:8,0
DA:13,0
DA:14,0
DA:15,0
DA:17,0
DA:18,0
DA:24,0
DA:29,0
DA:30,0
DA:40,0
DA:83,0
DA:85,0
DA:86,0
DA:87,0
DA:100,0
DA:103,0
DA:105,0
DA:106,0
DA:113,0
DA:114,0
DA:115,0
DA:116,0
DA:117,0
DA:119,0
DA:121,0
DA:127,0
DA:128,0
DA:138,0
DA:139,0
DA:140,0
DA:142,0
DA:143,0
DA:149,0
DA:150,0
DA:156,0
DA:157,0
DA:158,0
DA:160,0
DA:162,0
DA:168,0
DA:169,0
DA:179,0
DA:180,0
DA:181,0
DA:184,0
DA:185,0
DA:191,0
DA:192,0
DA:193,0
DA:200,0
DA:201,0
DA:204,0
DA:210,0
DA:211,0
DA:212,0
DA:213,0
DA:215,0
DA:216,0
DA:221,0
DA:222,0
DA:224,0
DA:225,0
DA:226,0
DA:227,0
DA:228,0
DA:229,0
DA:231,0
DA:232,0
DA:233,0
DA:234,0
DA:236,0
DA:237,0
DA:240,0
DA:241,0
DA:242,0
DA:244,0
DA:245,0
DA:249,0
DA:257,0
DA:258,0
DA:259,0
DA:260,0
DA:261,0
DA:262,0
DA:263,0
DA:269,0
DA:270,0
DA:275,0
DA:276,0
DA:279,0
DA:290,0
DA:291,0
DA:301,0
DA:302,0
DA:303,0
DA:305,0
DA:307,0
DA:308,0
DA:311,0
DA:312,0
DA:319,0
DA:325,0
DA:327,0
DA:339,0
DA:340,0
DA:347,0
LF:112
LH:0
BRDA:17,0,0,0
BRDA:17,0,1,0
BRDA:86,1,0,0
BRDA:86,1,1,0
BRDA:105,2,0,0
BRDA:105,2,1,0
BRDA:113,3,0,0
BRDA:113,3,1,0
BRDA:114,4,0,0
BRDA:114,4,1,0
BRDA:115,5,0,0
BRDA:115,5,1,0
BRDA:116,6,0,0
BRDA:116,6,1,0
BRDA:117,7,0,0
BRDA:117,7,1,0
BRDA:142,8,0,0
BRDA:142,8,1,0
BRDA:149,9,0,0
BRDA:149,9,1,0
BRDA:184,10,0,0
BRDA:184,10,1,0
BRDA:184,11,0,0
BRDA:184,11,1,0
BRDA:192,12,0,0
BRDA:192,12,1,0
BRDA:192,13,0,0
BRDA:192,13,1,0
BRDA:237,14,0,0
BRDA:237,14,1,0
BRDA:260,15,0,0
BRDA:260,15,1,0
BRDA:262,16,0,0
BRDA:262,16,1,0
BRDA:303,17,0,0
BRDA:303,18,0,0
BRDA:307,19,0,0
BRDA:307,19,1,0
BRDA:311,20,0,0
BRDA:311,20,1,0
BRF:40
BRH:0
end_of_record
TN:
SF:utils/email.js
FN:4,(anonymous_0)
FN:17,(anonymous_1)
FN:48,(anonymous_2)
FN:91,(anonymous_3)
FN:134,(anonymous_4)
FNF:5
FNH:0
FNDA:0,(anonymous_0)
FNDA:0,(anonymous_1)
FNDA:0,(anonymous_2)
FNDA:0,(anonymous_3)
FNDA:0,(anonymous_4)
DA:1,0
DA:4,0
DA:5,0
DA:17,0
DA:18,0
DA:20,0
DA:21,0
DA:22,0
DA:25,0
DA:27,0
DA:35,0
DA:37,0
DA:38,0
DA:40,0
DA:41,0
DA:46,0
DA:48,0
DA:91,0
DA:134,0
DA:184,0
LF:20
LH:0
BRDA:20,0,0,0
BRDA:20,0,1,0
BRDA:20,1,0,0
BRDA:20,1,1,0
BRDA:28,2,0,0
BRDA:28,2,1,0
BRDA:32,3,0,0
BRDA:32,3,1,0
BRDA:57,4,0,0
BRDA:57,4,1,0
BRDA:100,5,0,0
BRDA:100,5,1,0
BRF:12
BRH:0
end_of_record
TN:
SF:utils/emailService.js
FN:53,loadTemplate
FN:59,(anonymous_1)
FN:72,sendEmail
FN:101,sendOrderConfirmation
FN:103,(anonymous_4)
FN:116,(anonymous_5)
FN:134,sendOrderStatusUpdate
FN:161,sendPasswordReset
FN:178,sendEmailVerification
FN:194,sendShopNotification
FN:210,(anonymous_10)
FN:230,sendWelcomeEmail
FN:245,sendVendorApproval
FN:260,sendProductApproval
FN:276,sendBulkEmail
FN:300,testEmailService
FNF:16
FNH:0
FNDA:0,loadTemplate
FNDA:0,(anonymous_1)
FNDA:0,sendEmail
FNDA:0,sendOrderConfirmation
FNDA:0,(anonymous_4)
FNDA:0,(anonymous_5)
FNDA:0,sendOrderStatusUpdate
FNDA:0,sendPasswordReset
FNDA:0,sendEmailVerification
FNDA:0,sendShopNotification
FNDA:0,(anonymous_10)
FNDA:0,sendWelcomeEmail
FNDA:0,sendVendorApproval
FNDA:0,sendProductApproval
FNDA:0,sendBulkEmail
FNDA:0,testEmailService
DA:1,0
DA:2,0
DA:3,0
DA:6,0
DA:17,0
DA:54,0
DA:55,0
DA:56,0
DA:59,0
DA:60,0
DA:61,0
DA:64,0
DA:66,0
DA:67,0
DA:73,0
DA:74,0
DA:75,0
DA:76,0
DA:79,0
DA:80,0
DA:81,0
DA:84,0
DA:91,0
DA:92,0
DA:93,0
DA:95,0
DA:96,0
DA:102,0
DA:103,0
DA:110,0
DA:116,0
DA:127,0
DA:129,0
DA:135,0
DA:136,0
DA:145,0
DA:154,0
DA:156,0
DA:162,0
DA:163,0
DA:165,0
DA:171,0
DA:173,0
DA:179,0
DA:180,0
DA:182,0
DA:187,0
DA:189,0
DA:195,0
DA:196,0
DA:202,0
DA:210,0
DA:211,0
DA:214,0
DA:215,0
DA:216,0
DA:221,0
DA:225,0
DA:231,0
DA:232,0
DA:238,0
DA:240,0
DA:246,0
DA:247,0
DA:253,0
DA:255,0
DA:261,0
DA:262,0
DA:269,0
DA:271,0
DA:277,0
DA:278,0
DA:280,0
DA:281,0
DA:282,0
DA:286,0
DA:288,0
DA:292,0
DA:294,0
DA:295,0
DA:301,0
DA:302,0
DA:309,0
DA:315,0
DA:316,0
DA:318,0
DA:319,0
DA:323,0
LF:88
LH:0
BRDA:7,0,0,0
BRDA:7,0,1,0
BRDA:8,1,0,0
BRDA:8,1,1,0
BRDA:53,2,0,0
BRDA:72,3,0,0
BRDA:75,4,0,0
BRDA:75,4,1,0
BRDA:80,5,0,0
BRDA:80,5,1,0
BRDA:134,6,0,0
BRDA:149,7,0,0
BRDA:149,7,1,0
BRDA:194,8,0,0
BRDA:205,9,0,0
BRDA:205,9,1,0
BRDA:276,10,0,0
BRDA:310,11,0,0
BRDA:310,11,1,0
BRF:19
BRH:0
end_of_record
